<?xml version="1.0" encoding="UTF-8"?>
<!-- Generated by org.testng.reporters.JUnitReportReporter -->
<testsuite hostname="DESKTOP-P3OCDRL" failures="0" tests="1" name="com.Miniproject.Parameterized_Test" time="0.028" errors="0" timestamp="2023-03-25T21:33:09 IST" skipped="0">
  <testcase classname="com.Miniproject.Parameterized_Test" name="result" time="0.028"/>
  <system-out/>
</testsuite> <!-- com.Miniproject.Parameterized_Test -->
