<?xml version="1.0" encoding="UTF-8"?>
<!-- Generated by org.testng.reporters.JUnitReportReporter -->
<testsuite hostname="DESKTOP-P3OCDRL" failures="0" tests="1" name="com.Miniproject.Assertion_Test" time="0.034" errors="0" timestamp="2023-03-25T21:57:23 IST" skipped="0">
  <testcase classname="com.Miniproject.Assertion_Test" name="soft_assert" time="0.034"/>
  <system-out/>
</testsuite> <!-- com.Miniproject.Assertion_Test -->
