<?xml version="1.0" encoding="UTF-8"?>
<!-- Generated by org.testng.reporters.JUnitReportReporter -->
<testsuite hostname="DESKTOP-P3OCDRL" failures="0" tests="3" name="com.Miniproject.Data_Provider" time="35.426" errors="0" timestamp="2023-03-28T17:54:15 IST" skipped="0">
  <testcase classname="com.Miniproject.Data_Provider" name="login" time="10.104"/>
  <system-out/>
  <testcase classname="com.Miniproject.Data_Provider" name="login" time="10.291"/>
  <system-out/>
  <testcase classname="com.Miniproject.Data_Provider" name="login" time="15.031"/>
  <system-out/>
</testsuite> <!-- com.Miniproject.Data_Provider -->
