<?xml version="1.0" encoding="UTF-8"?>
<!-- Generated by org.testng.reporters.JUnitReportReporter -->
<testsuite hostname="DESKTOP-P3OCDRL" failures="0" tests="3" name="com.Miniproject.TestNG_Practice" time="0.057" errors="0" timestamp="2023-03-20T18:13:34 IST" skipped="0">
  <testcase classname="com.Miniproject.TestNG_Practice" name="diamond" time="0.042"/>
  <system-out/>
  <testcase classname="com.Miniproject.TestNG_Practice" name="triangle" time="0.012"/>
  <system-out/>
  <testcase classname="com.Miniproject.TestNG_Practice" name="left_triangle" time="0.003"/>
  <system-out/>
</testsuite> <!-- com.Miniproject.TestNG_Practice -->
