<?xml version="1.0" encoding="UTF-8"?>
<!-- Generated by org.testng.reporters.JUnitReportReporter -->
<testsuite hostname="DESKTOP-P3OCDRL" failures="0" tests="1" name="com.Miniproject.Simple_Annotation" time="10.363" errors="0" timestamp="2023-03-24T19:11:15 IST" skipped="0">
  <testcase classname="com.Miniproject.Simple_Annotation" name="booking" time="10.363"/>
  <system-out/>
</testsuite> <!-- com.Miniproject.Simple_Annotation -->
