<?xml version="1.0" encoding="UTF-8"?>
<!-- Generated by org.testng.reporters.JUnitReportReporter -->
<testsuite hostname="DESKTOP-P3OCDRL" failures="0" tests="3" name="com.Miniproject.TestNG_Annotations" time="0.061" errors="0" timestamp="2023-03-22T18:04:20 IST" skipped="0">
  <testcase classname="com.Miniproject.TestNG_Annotations" name="student3" time="0.017"/>
  <system-out/>
  <testcase classname="com.Miniproject.TestNG_Annotations" name="student5" time="0.011"/>
  <system-out/>
  <testcase classname="com.Miniproject.TestNG_Annotations" name="student1" time="0.033"/>
  <system-out/>
</testsuite> <!-- com.Miniproject.TestNG_Annotations -->
